<?xml version="1.0" encoding="UTF-8"?>
<testsuite xmlns:xsi="http://www.w3.org/2001/XMLSchema-instance" xsi:noNamespaceSchemaLocation="https://maven.apache.org/surefire/maven-surefire-plugin/xsd/surefire-test-report.xsd" name="restassured.restassured.AppTest" time="0.111" tests="1" errors="0" skipped="0" failures="0">
  <properties>
    <property name="java.specification.version" value="17"/>
    <property name="sun.cpu.isalist" value="amd64"/>
    <property name="sun.jnu.encoding" value="Cp1252"/>
    <property name="java.class.path" value="C:\Users\rajat\eclipse-workspace\restassured\target\test-classes;C:\Users\rajat\eclipse-workspace\restassured\target\classes;C:\Users\rajat\.m2\repository\org\apache\maven\plugins\maven-resources-plugin\2.4.3\maven-resources-plugin-2.4.3.jar;C:\Users\rajat\.m2\repository\org\apache\maven\maven-plugin-api\2.0.6\maven-plugin-api-2.0.6.jar;C:\Users\rajat\.m2\repository\org\apache\maven\maven-project\2.0.6\maven-project-2.0.6.jar;C:\Users\rajat\.m2\repository\org\apache\maven\maven-profile\2.0.6\maven-profile-2.0.6.jar;C:\Users\rajat\.m2\repository\org\apache\maven\maven-artifact-manager\2.0.6\maven-artifact-manager-2.0.6.jar;C:\Users\rajat\.m2\repository\org\apache\maven\maven-plugin-registry\2.0.6\maven-plugin-registry-2.0.6.jar;C:\Users\rajat\.m2\repository\org\apache\maven\maven-core\2.0.6\maven-core-2.0.6.jar;C:\Users\rajat\.m2\repository\org\apache\maven\wagon\wagon-file\1.0-beta-2\wagon-file-1.0-beta-2.jar;C:\Users\rajat\.m2\repository\org\apache\maven\maven-plugin-parameter-documenter\2.0.6\maven-plugin-parameter-documenter-2.0.6.jar;C:\Users\rajat\.m2\repository\org\apache\maven\wagon\wagon-http-lightweight\1.0-beta-2\wagon-http-lightweight-1.0-beta-2.jar;C:\Users\rajat\.m2\repository\org\apache\maven\wagon\wagon-http-shared\1.0-beta-2\wagon-http-shared-1.0-beta-2.jar;C:\Users\rajat\.m2\repository\jtidy\jtidy\4aug2000r7-dev\jtidy-4aug2000r7-dev.jar;C:\Users\rajat\.m2\repository\xml-apis\xml-apis\1.0.b2\xml-apis-1.0.b2.jar;C:\Users\rajat\.m2\repository\org\apache\maven\reporting\maven-reporting-api\2.0.6\maven-reporting-api-2.0.6.jar;C:\Users\rajat\.m2\repository\org\apache\maven\doxia\doxia-sink-api\1.0-alpha-7\doxia-sink-api-1.0-alpha-7.jar;C:\Users\rajat\.m2\repository\org\apache\maven\wagon\wagon-provider-api\1.0-beta-2\wagon-provider-api-1.0-beta-2.jar;C:\Users\rajat\.m2\repository\org\apache\maven\maven-repository-metadata\2.0.6\maven-repository-metadata-2.0.6.jar;C:\Users\rajat\.m2\repository\org\apache\maven\maven-error-diagnostics\2.0.6\maven-error-diagnostics-2.0.6.jar;C:\Users\rajat\.m2\repository\commons-cli\commons-cli\1.0\commons-cli-1.0.jar;C:\Users\rajat\.m2\repository\org\apache\maven\wagon\wagon-ssh-external\1.0-beta-2\wagon-ssh-external-1.0-beta-2.jar;C:\Users\rajat\.m2\repository\org\apache\maven\wagon\wagon-ssh-common\1.0-beta-2\wagon-ssh-common-1.0-beta-2.jar;C:\Users\rajat\.m2\repository\org\apache\maven\maven-plugin-descriptor\2.0.6\maven-plugin-descriptor-2.0.6.jar;C:\Users\rajat\.m2\repository\org\codehaus\plexus\plexus-interactivity-api\1.0-alpha-4\plexus-interactivity-api-1.0-alpha-4.jar;C:\Users\rajat\.m2\repository\org\apache\maven\wagon\wagon-ssh\1.0-beta-2\wagon-ssh-1.0-beta-2.jar;C:\Users\rajat\.m2\repository\com\jcraft\jsch\0.1.27\jsch-0.1.27.jar;C:\Users\rajat\.m2\repository\classworlds\classworlds\1.1\classworlds-1.1.jar;C:\Users\rajat\.m2\repository\org\apache\maven\maven-artifact\2.0.6\maven-artifact-2.0.6.jar;C:\Users\rajat\.m2\repository\org\apache\maven\maven-settings\2.0.6\maven-settings-2.0.6.jar;C:\Users\rajat\.m2\repository\org\apache\maven\maven-model\2.0.6\maven-model-2.0.6.jar;C:\Users\rajat\.m2\repository\org\apache\maven\maven-monitor\2.0.6\maven-monitor-2.0.6.jar;C:\Users\rajat\.m2\repository\org\codehaus\plexus\plexus-container-default\1.0-alpha-9-stable-1\plexus-container-default-1.0-alpha-9-stable-1.jar;C:\Users\rajat\.m2\repository\org\codehaus\plexus\plexus-utils\2.0.5\plexus-utils-2.0.5.jar;C:\Users\rajat\.m2\repository\org\apache\maven\shared\maven-filtering\1.0-beta-4\maven-filtering-1.0-beta-4.jar;C:\Users\rajat\.m2\repository\org\sonatype\plexus\plexus-build-api\0.0.4\plexus-build-api-0.0.4.jar;C:\Users\rajat\.m2\repository\org\codehaus\plexus\plexus-interpolation\1.13\plexus-interpolation-1.13.jar;C:\Users\rajat\.m2\repository\junit\junit\4.11\junit-4.11.jar;C:\Users\rajat\.m2\repository\org\hamcrest\hamcrest-core\1.3\hamcrest-core-1.3.jar;"/>
    <property name="java.vm.vendor" value="Eclipse Adoptium"/>
    <property name="sun.arch.data.model" value="64"/>
    <property name="user.variant" value=""/>
    <property name="java.vendor.url" value="https://adoptium.net/"/>
    <property name="user.timezone" value="Asia/Calcutta"/>
    <property name="os.name" value="Windows 10"/>
    <property name="java.vm.specification.version" value="17"/>
    <property name="sun.java.launcher" value="SUN_STANDARD"/>
    <property name="user.country" value="IN"/>
    <property name="sun.boot.library.path" value="C:\Users\rajat\.p2\pool\plugins\org.eclipse.justj.openjdk.hotspot.jre.full.win32.x86_64_17.0.1.v20211116-1657\jre\bin"/>
    <property name="sun.java.command" value="C:\Users\rajat\AppData\Local\Temp\surefire3047062873491154090\surefirebooter13008867383871839282.jar C:\Users\rajat\AppData\Local\Temp\surefire3047062873491154090 2022-02-11T16-41-59_658-jvmRun1 surefire13343206107518559695tmp surefire_010694637586249984744tmp"/>
    <property name="jdk.debug" value="release"/>
    <property name="surefire.test.class.path" value="C:\Users\rajat\eclipse-workspace\restassured\target\test-classes;C:\Users\rajat\eclipse-workspace\restassured\target\classes;C:\Users\rajat\.m2\repository\org\apache\maven\plugins\maven-resources-plugin\2.4.3\maven-resources-plugin-2.4.3.jar;C:\Users\rajat\.m2\repository\org\apache\maven\maven-plugin-api\2.0.6\maven-plugin-api-2.0.6.jar;C:\Users\rajat\.m2\repository\org\apache\maven\maven-project\2.0.6\maven-project-2.0.6.jar;C:\Users\rajat\.m2\repository\org\apache\maven\maven-profile\2.0.6\maven-profile-2.0.6.jar;C:\Users\rajat\.m2\repository\org\apache\maven\maven-artifact-manager\2.0.6\maven-artifact-manager-2.0.6.jar;C:\Users\rajat\.m2\repository\org\apache\maven\maven-plugin-registry\2.0.6\maven-plugin-registry-2.0.6.jar;C:\Users\rajat\.m2\repository\org\apache\maven\maven-core\2.0.6\maven-core-2.0.6.jar;C:\Users\rajat\.m2\repository\org\apache\maven\wagon\wagon-file\1.0-beta-2\wagon-file-1.0-beta-2.jar;C:\Users\rajat\.m2\repository\org\apache\maven\maven-plugin-parameter-documenter\2.0.6\maven-plugin-parameter-documenter-2.0.6.jar;C:\Users\rajat\.m2\repository\org\apache\maven\wagon\wagon-http-lightweight\1.0-beta-2\wagon-http-lightweight-1.0-beta-2.jar;C:\Users\rajat\.m2\repository\org\apache\maven\wagon\wagon-http-shared\1.0-beta-2\wagon-http-shared-1.0-beta-2.jar;C:\Users\rajat\.m2\repository\jtidy\jtidy\4aug2000r7-dev\jtidy-4aug2000r7-dev.jar;C:\Users\rajat\.m2\repository\xml-apis\xml-apis\1.0.b2\xml-apis-1.0.b2.jar;C:\Users\rajat\.m2\repository\org\apache\maven\reporting\maven-reporting-api\2.0.6\maven-reporting-api-2.0.6.jar;C:\Users\rajat\.m2\repository\org\apache\maven\doxia\doxia-sink-api\1.0-alpha-7\doxia-sink-api-1.0-alpha-7.jar;C:\Users\rajat\.m2\repository\org\apache\maven\wagon\wagon-provider-api\1.0-beta-2\wagon-provider-api-1.0-beta-2.jar;C:\Users\rajat\.m2\repository\org\apache\maven\maven-repository-metadata\2.0.6\maven-repository-metadata-2.0.6.jar;C:\Users\rajat\.m2\repository\org\apache\maven\maven-error-diagnostics\2.0.6\maven-error-diagnostics-2.0.6.jar;C:\Users\rajat\.m2\repository\commons-cli\commons-cli\1.0\commons-cli-1.0.jar;C:\Users\rajat\.m2\repository\org\apache\maven\wagon\wagon-ssh-external\1.0-beta-2\wagon-ssh-external-1.0-beta-2.jar;C:\Users\rajat\.m2\repository\org\apache\maven\wagon\wagon-ssh-common\1.0-beta-2\wagon-ssh-common-1.0-beta-2.jar;C:\Users\rajat\.m2\repository\org\apache\maven\maven-plugin-descriptor\2.0.6\maven-plugin-descriptor-2.0.6.jar;C:\Users\rajat\.m2\repository\org\codehaus\plexus\plexus-interactivity-api\1.0-alpha-4\plexus-interactivity-api-1.0-alpha-4.jar;C:\Users\rajat\.m2\repository\org\apache\maven\wagon\wagon-ssh\1.0-beta-2\wagon-ssh-1.0-beta-2.jar;C:\Users\rajat\.m2\repository\com\jcraft\jsch\0.1.27\jsch-0.1.27.jar;C:\Users\rajat\.m2\repository\classworlds\classworlds\1.1\classworlds-1.1.jar;C:\Users\rajat\.m2\repository\org\apache\maven\maven-artifact\2.0.6\maven-artifact-2.0.6.jar;C:\Users\rajat\.m2\repository\org\apache\maven\maven-settings\2.0.6\maven-settings-2.0.6.jar;C:\Users\rajat\.m2\repository\org\apache\maven\maven-model\2.0.6\maven-model-2.0.6.jar;C:\Users\rajat\.m2\repository\org\apache\maven\maven-monitor\2.0.6\maven-monitor-2.0.6.jar;C:\Users\rajat\.m2\repository\org\codehaus\plexus\plexus-container-default\1.0-alpha-9-stable-1\plexus-container-default-1.0-alpha-9-stable-1.jar;C:\Users\rajat\.m2\repository\org\codehaus\plexus\plexus-utils\2.0.5\plexus-utils-2.0.5.jar;C:\Users\rajat\.m2\repository\org\apache\maven\shared\maven-filtering\1.0-beta-4\maven-filtering-1.0-beta-4.jar;C:\Users\rajat\.m2\repository\org\sonatype\plexus\plexus-build-api\0.0.4\plexus-build-api-0.0.4.jar;C:\Users\rajat\.m2\repository\org\codehaus\plexus\plexus-interpolation\1.13\plexus-interpolation-1.13.jar;C:\Users\rajat\.m2\repository\junit\junit\4.11\junit-4.11.jar;C:\Users\rajat\.m2\repository\org\hamcrest\hamcrest-core\1.3\hamcrest-core-1.3.jar;"/>
    <property name="sun.cpu.endian" value="little"/>
    <property name="user.home" value="C:\Users\rajat"/>
    <property name="user.language" value="en"/>
    <property name="java.specification.vendor" value="Oracle Corporation"/>
    <property name="java.version.date" value="2021-10-19"/>
    <property name="java.home" value="C:\Users\rajat\.p2\pool\plugins\org.eclipse.justj.openjdk.hotspot.jre.full.win32.x86_64_17.0.1.v20211116-1657\jre"/>
    <property name="file.separator" value="\"/>
    <property name="basedir" value="C:\Users\rajat\eclipse-workspace\restassured"/>
    <property name="java.vm.compressedOopsMode" value="32-bit"/>
    <property name="line.separator" value="&#10;"/>
    <property name="java.vm.specification.vendor" value="Oracle Corporation"/>
    <property name="java.specification.name" value="Java Platform API Specification"/>
    <property name="surefire.real.class.path" value="C:\Users\rajat\AppData\Local\Temp\surefire3047062873491154090\surefirebooter13008867383871839282.jar"/>
    <property name="user.script" value=""/>
    <property name="sun.management.compiler" value="HotSpot 64-Bit Tiered Compilers"/>
    <property name="java.runtime.version" value="17.0.1+12"/>
    <property name="user.name" value="rajat"/>
    <property name="path.separator" value=";"/>
    <property name="os.version" value="10.0"/>
    <property name="java.runtime.name" value="OpenJDK Runtime Environment"/>
    <property name="file.encoding" value="Cp1252"/>
    <property name="java.vm.name" value="OpenJDK 64-Bit Server VM"/>
    <property name="java.vendor.version" value="Temurin-17.0.1+12"/>
    <property name="localRepository" value="C:\Users\rajat\.m2\repository"/>
    <property name="java.vendor.url.bug" value="https://github.com/adoptium/adoptium-support/issues"/>
    <property name="java.io.tmpdir" value="C:\Users\rajat\AppData\Local\Temp\"/>
    <property name="java.version" value="17.0.1"/>
    <property name="user.dir" value="C:\Users\rajat\eclipse-workspace\restassured"/>
    <property name="os.arch" value="amd64"/>
    <property name="java.vm.specification.name" value="Java Virtual Machine Specification"/>
    <property name="sun.os.patch.level" value=""/>
    <property name="native.encoding" value="Cp1252"/>
    <property name="java.library.path" value="C:\Users\rajat\.p2\pool\plugins\org.eclipse.justj.openjdk.hotspot.jre.full.win32.x86_64_17.0.1.v20211116-1657\jre\bin;C:\WINDOWS\Sun\Java\bin;C:\WINDOWS\system32;C:\WINDOWS;C:/Users/rajat/.p2/pool/plugins/org.eclipse.justj.openjdk.hotspot.jre.full.win32.x86_64_17.0.1.v20211116-1657/jre/bin/server;C:/Users/rajat/.p2/pool/plugins/org.eclipse.justj.openjdk.hotspot.jre.full.win32.x86_64_17.0.1.v20211116-1657/jre/bin;C:\Program Files (x86)\Common Files\Oracle\Java\javapath;C:\WINDOWS\system32;C:\WINDOWS;C:\WINDOWS\System32\Wbem;C:\WINDOWS\System32\WindowsPowerShell\v1.0\;C:\WINDOWS\System32\OpenSSH\;C:\Users\rajat\AppData\Local\Microsoft\WindowsApps;;C:\WINDOWS\system32;;."/>
    <property name="java.vm.info" value="mixed mode"/>
    <property name="java.vendor" value="Eclipse Adoptium"/>
    <property name="java.vm.version" value="17.0.1+12"/>
    <property name="sun.io.unicode.encoding" value="UnicodeLittle"/>
    <property name="java.class.version" value="61.0"/>
  </properties>
  <testcase name="shouldAnswerWithTrue" classname="restassured.restassured.AppTest" time="0.005"/>
</testsuite>